<?xml version="1.0" encoding="UTF-8"?>
<!-- Generated by org.testng.reporters.JUnitReportReporter -->
<testsuite hostname="DESKTOP-TH0V11K" failures="0" tests="1" name="com.assessment.DemoQa_Form" time="49.006" errors="0" timestamp="2024-09-25T12:08:03 IST" skipped="0">
  <testcase classname="com.assessment.DemoQa_Form" name="fillForm" time="49.006"/>
  <system-out/>
</testsuite> <!-- com.assessment.DemoQa_Form -->
