<?xml version="1.0" encoding="UTF-8"?>
<!-- Generated by org.testng.reporters.JUnitReportReporter -->
<testsuite hostname="DESKTOP-TH0V11K" failures="0" tests="2" name="com.assessment.WebTable_DemoQA" time="12.720" errors="0" timestamp="2024-09-25T12:40:56 IST" skipped="0">
  <testcase classname="com.assessment.WebTable_DemoQA" name="editGivenName" time="10.603"/>
  <system-out/>
  <testcase classname="com.assessment.WebTable_DemoQA" name="deleteGivenName" time="2.117"/>
  <system-out/>
</testsuite> <!-- com.assessment.WebTable_DemoQA -->
