<?xml version="1.0" encoding="UTF-8"?>
<!-- Generated by org.testng.reporters.JUnitReportReporter -->
<testsuite hostname="DESKTOP-TH0V11K" failures="0" tests="3" name="com.assessment.WebTable_Techlistic" time="20.650" errors="0" timestamp="2024-09-25T12:47:50 IST" skipped="0">
  <testcase classname="com.assessment.WebTable_Techlistic" name="verifyColumnsInLastRow" time="5.038"/>
  <system-out/>
  <testcase classname="com.assessment.WebTable_Techlistic" name="findTallestStructure" time="5.497"/>
  <system-out/>
  <testcase classname="com.assessment.WebTable_Techlistic" name="verifyStructureValues" time="10.115"/>
  <system-out/>
</testsuite> <!-- com.assessment.WebTable_Techlistic -->
